# JRE version: OpenJDK Runtime Environment Corretto-17.0.6.10.1 (17.0.6+10) (build 17.0.6+10-LTS)
# Java VM: OpenJDK 64-Bit Server VM Corretto-17.0.6.10.1 (17.0.6+10-LTS, mixed mode, sharing, tiered, compressed oops, compressed class ptrs, g1 gc, windows-amd64)
GC Precious Log:
 CPUs: 4 total, 4 available
 Memory: 8089M
 Large Page Support: Disabled
 NUMA Support: Disabled
 Compressed Oops: Enabled (32-bit)
 Heap Region Size: 1M
 Heap Min Capacity: 8M
 Heap Initial Capacity: 128M
 Heap Max Capacity: 2024M
 Pre-touch: Disabled
 Parallel Workers: 4
 Concurrent Workers: 1
 Concurrent Refinement Workers: 4
 Periodic GC: Disabled
Heap:
 garbage-first heap   total 531456K, used 148882K [0x0000000081800000, 0x0000000100000000)
  region size 1024K, 63 young (64512K), 3 survivors (3072K)
 Metaspace       used 38523K, committed 38912K, reserved 1089536K
  class space    used 4899K, committed 5120K, reserved 1048576K
GC Heap History (20 events):
Event: 317.249 GC heap before
{Heap before GC invocations=188 (full 0):
 garbage-first heap   total 531456K, used 388419K [0x0000000081800000, 0x0000000100000000)
  region size 1024K, 311 young (318464K), 2 survivors (2048K)
 Metaspace       used 38159K, committed 38528K, reserved 1089536K
  class space    used 4896K, committed 5120K, reserved 1048576K
}
Event: 317.251 GC heap after
{Heap after GC invocations=189 (full 0):
 garbage-first heap   total 531456K, used 72144K [0x0000000081800000, 0x0000000100000000)
  region size 1024K, 2 young (2048K), 2 survivors (2048K)
 Metaspace       used 38159K, committed 38528K, reserved 1089536K
  class space    used 4896K, committed 5120K, reserved 1048576K
}
Event: 317.406 GC heap before
{Heap before GC invocations=189 (full 0):
 garbage-first heap   total 531456K, used 388560K [0x0000000081800000, 0x0000000100000000)
  region size 1024K, 311 young (318464K), 2 survivors (2048K)
 Metaspace       used 38159K, committed 38528K, reserved 1089536K
  class space    used 4896K, committed 5120K, reserved 1048576K
}
Event: 317.408 GC heap after
{Heap after GC invocations=190 (full 0):
 garbage-first heap   total 531456K, used 72145K [0x0000000081800000, 0x0000000100000000)
  region size 1024K, 2 young (2048K), 2 survivors (2048K)
 Metaspace       used 38159K, committed 38528K, reserved 1089536K
  class space    used 4896K, committed 5120K, reserved 1048576K
}
Event: 317.572 GC heap before
{Heap before GC invocations=190 (full 0):
 garbage-first heap   total 531456K, used 388561K [0x0000000081800000, 0x0000000100000000)
  region size 1024K, 311 young (318464K), 2 survivors (2048K)
 Metaspace       used 38159K, committed 38528K, reserved 1089536K
  class space    used 4896K, committed 5120K, reserved 1048576K
}
Event: 317.573 GC heap after
{Heap after GC invocations=191 (full 0):
 garbage-first heap   total 531456K, used 72040K [0x0000000081800000, 0x0000000100000000)
  region size 1024K, 1 young (1024K), 1 survivors (1024K)
 Metaspace       used 38159K, committed 38528K, reserved 1089536K
  class space    used 4896K, committed 5120K, reserved 1048576K
}
Event: 317.727 GC heap before
{Heap before GC invocations=191 (full 0):
 garbage-first heap   total 531456K, used 389480K [0x0000000081800000, 0x0000000100000000)
  region size 1024K, 311 young (318464K), 1 survivors (1024K)
 Metaspace       used 38159K, committed 38528K, reserved 1089536K
  class space    used 4896K, committed 5120K, reserved 1048576K
}
Event: 317.728 GC heap after
{Heap after GC invocations=192 (full 0):
 garbage-first heap   total 531456K, used 72132K [0x0000000081800000, 0x0000000100000000)
  region size 1024K, 2 young (2048K), 2 survivors (2048K)
 Metaspace       used 38159K, committed 38528K, reserved 1089536K
  class space    used 4896K, committed 5120K, reserved 1048576K
}
Event: 317.882 GC heap before
{Heap before GC invocations=192 (full 0):
 garbage-first heap   total 531456K, used 388548K [0x0000000081800000, 0x0000000100000000)
  region size 1024K, 311 young (318464K), 2 survivors (2048K)
 Metaspace       used 38159K, committed 38528K, reserved 1089536K
  class space    used 4896K, committed 5120K, reserved 1048576K
}
Event: 317.884 GC heap after
{Heap after GC invocations=193 (full 0):
 garbage-first heap   total 531456K, used 72242K [0x0000000081800000, 0x0000000100000000)
  region size 1024K, 2 young (2048K), 2 survivors (2048K)
 Metaspace       used 38159K, committed 38528K, reserved 1089536K
  class space    used 4896K, committed 5120K, reserved 1048576K
}
Event: 318.060 GC heap before
{Heap before GC invocations=193 (full 0):
 garbage-first heap   total 531456K, used 388658K [0x0000000081800000, 0x0000000100000000)
  region size 1024K, 311 young (318464K), 2 survivors (2048K)
 Metaspace       used 38159K, committed 38528K, reserved 1089536K
  class space    used 4896K, committed 5120K, reserved 1048576K
}
Event: 318.062 GC heap after
{Heap after GC invocations=194 (full 0):
 garbage-first heap   total 531456K, used 71971K [0x0000000081800000, 0x0000000100000000)
  region size 1024K, 1 young (1024K), 1 survivors (1024K)
 Metaspace       used 38159K, committed 38528K, reserved 1089536K
  class space    used 4896K, committed 5120K, reserved 1048576K
}
Event: 318.213 GC heap before
{Heap before GC invocations=194 (full 0):
 garbage-first heap   total 531456K, used 389411K [0x0000000081800000, 0x0000000100000000)
  region size 1024K, 311 young (318464K), 1 survivors (1024K)
 Metaspace       used 38159K, committed 38528K, reserved 1089536K
  class space    used 4896K, committed 5120K, reserved 1048576K
}
Event: 318.214 GC heap after
{Heap after GC invocations=195 (full 0):
 garbage-first heap   total 531456K, used 72042K [0x0000000081800000, 0x0000000100000000)
  region size 1024K, 1 young (1024K), 1 survivors (1024K)
 Metaspace       used 38159K, committed 38528K, reserved 1089536K
  class space    used 4896K, committed 5120K, reserved 1048576K
}
Event: 318.369 GC heap before
{Heap before GC invocations=195 (full 0):
 garbage-first heap   total 531456K, used 389482K [0x0000000081800000, 0x0000000100000000)
  region size 1024K, 311 young (318464K), 1 survivors (1024K)
 Metaspace       used 38159K, committed 38528K, reserved 1089536K
  class space    used 4896K, committed 5120K, reserved 1048576K
}
Event: 318.370 GC heap after
{Heap after GC invocations=196 (full 0):
 garbage-first heap   total 531456K, used 72089K [0x0000000081800000, 0x0000000100000000)
  region size 1024K, 1 young (1024K), 1 survivors (1024K)
 Metaspace       used 38159K, committed 38528K, reserved 1089536K
  class space    used 4896K, committed 5120K, reserved 1048576K
}
Event: 318.518 GC heap before
{Heap before GC invocations=196 (full 0):
 garbage-first heap   total 531456K, used 389529K [0x0000000081800000, 0x0000000100000000)
  region size 1024K, 311 young (318464K), 1 survivors (1024K)
 Metaspace       used 38159K, committed 38528K, reserved 1089536K
  class space    used 4896K, committed 5120K, reserved 1048576K
}
Event: 318.520 GC heap after
{Heap after GC invocations=197 (full 0):
 garbage-first heap   total 531456K, used 72222K [0x0000000081800000, 0x0000000100000000)
  region size 1024K, 2 young (2048K), 2 survivors (2048K)
 Metaspace       used 38159K, committed 38528K, reserved 1089536K
  class space    used 4896K, committed 5120K, reserved 1048576K
}
Event: 318.679 GC heap before
{Heap before GC invocations=197 (full 0):
 garbage-first heap   total 531456K, used 388638K [0x0000000081800000, 0x0000000100000000)
  region size 1024K, 311 young (318464K), 2 survivors (2048K)
 Metaspace       used 38164K, committed 38528K, reserved 1089536K
  class space    used 4896K, committed 5120K, reserved 1048576K
}
Event: 318.682 GC heap after
{Heap after GC invocations=198 (full 0):
 garbage-first heap   total 531456K, used 74130K [0x0000000081800000, 0x0000000100000000)
  region size 1024K, 3 young (3072K), 3 survivors (3072K)
 Metaspace       used 38164K, committed 38528K, reserved 1089536K
  class space    used 4896K, committed 5120K, reserved 1048576K
}

